2019-06-12-15-43 [background-preinit] [org.hibernate.validator.internal.util.Version] [INFO] - HV000001: Hibernate Validator 6.0.11.Final
2019-06-12-15-43 [main] [com.rabbit.RabbitApplication] [INFO] - Starting RabbitApplication on DESKTOP-A85M7BF with PID 13640 (C:\Users\info\Downloads\base\rabbit\target\classes started by info in C:\Users\info\Downloads\base)
2019-06-12-15-43 [main] [com.rabbit.RabbitApplication] [INFO] - No active profile set, falling back to default profiles: default
2019-06-12-15-43 [main] [org.springframework.boot.web.servlet.context.AnnotationConfigServletWebServerApplicationContext] [INFO] - Refreshing org.springframework.boot.web.servlet.context.AnnotationConfigServletWebServerApplicationContext@a4102b8: startup date [Wed Jun 12 15:43:36 CST 2019]; root of context hierarchy
2019-06-12-15-43 [main] [org.springframework.data.repository.config.RepositoryConfigurationDelegate] [INFO] - Multiple Spring Data modules found, entering strict repository configuration mode!
2019-06-12-15-43 [main] [org.springframework.context.support.PostProcessorRegistrationDelegate$BeanPostProcessorChecker] [INFO] - Bean 'org.springframework.amqp.rabbit.annotation.RabbitBootstrapConfiguration' of type [org.springframework.amqp.rabbit.annotation.RabbitBootstrapConfiguration$$EnhancerBySpringCGLIB$$bfd8c724] is not eligible for getting processed by all BeanPostProcessors (for example: not eligible for auto-proxying)
2019-06-12-15-43 [main] [org.springframework.boot.web.embedded.tomcat.TomcatWebServer] [INFO] - Tomcat initialized with port(s): 8081 (http)
2019-06-12-15-43 [localhost-startStop-1] [org.springframework.web.context.ContextLoader] [INFO] - Root WebApplicationContext: initialization completed in 2924 ms
2019-06-12-15-43 [localhost-startStop-1] [org.springframework.boot.web.servlet.ServletRegistrationBean] [INFO] - Servlet dispatcherServlet mapped to [/]
2019-06-12-15-43 [localhost-startStop-1] [org.springframework.boot.web.servlet.FilterRegistrationBean] [INFO] - Mapping filter: 'characterEncodingFilter' to: [/*]
2019-06-12-15-43 [localhost-startStop-1] [org.springframework.boot.web.servlet.FilterRegistrationBean] [INFO] - Mapping filter: 'hiddenHttpMethodFilter' to: [/*]
2019-06-12-15-43 [localhost-startStop-1] [org.springframework.boot.web.servlet.FilterRegistrationBean] [INFO] - Mapping filter: 'httpPutFormContentFilter' to: [/*]
2019-06-12-15-43 [localhost-startStop-1] [org.springframework.boot.web.servlet.FilterRegistrationBean] [INFO] - Mapping filter: 'requestContextFilter' to: [/*]
2019-06-12-15-43 [main] [org.springframework.web.servlet.handler.SimpleUrlHandlerMapping] [INFO] - Mapped URL path [/**/favicon.ico] onto handler of type [class org.springframework.web.servlet.resource.ResourceHttpRequestHandler]
2019-06-12-15-43 [main] [org.springframework.web.servlet.mvc.method.annotation.RequestMappingHandlerAdapter] [INFO] - Looking for @ControllerAdvice: org.springframework.boot.web.servlet.context.AnnotationConfigServletWebServerApplicationContext@a4102b8: startup date [Wed Jun 12 15:43:36 CST 2019]; root of context hierarchy
2019-06-12-15-43 [main] [org.springframework.web.servlet.mvc.method.annotation.RequestMappingHandlerMapping] [INFO] - Mapped "{[/index],methods=[GET]}" onto public com.rabbit.utils.ResultBody<java.lang.Object> com.rabbit.controller.RabbitController.index()
2019-06-12-15-43 [main] [org.springframework.web.servlet.mvc.method.annotation.RequestMappingHandlerMapping] [INFO] - Mapped "{[/error]}" onto public org.springframework.http.ResponseEntity<java.util.Map<java.lang.String, java.lang.Object>> org.springframework.boot.autoconfigure.web.servlet.error.BasicErrorController.error(javax.servlet.http.HttpServletRequest)
2019-06-12-15-43 [main] [org.springframework.web.servlet.mvc.method.annotation.RequestMappingHandlerMapping] [INFO] - Mapped "{[/error],produces=[text/html]}" onto public org.springframework.web.servlet.ModelAndView org.springframework.boot.autoconfigure.web.servlet.error.BasicErrorController.errorHtml(javax.servlet.http.HttpServletRequest,javax.servlet.http.HttpServletResponse)
2019-06-12-15-43 [main] [org.springframework.web.servlet.handler.SimpleUrlHandlerMapping] [INFO] - Mapped URL path [/webjars/**] onto handler of type [class org.springframework.web.servlet.resource.ResourceHttpRequestHandler]
2019-06-12-15-43 [main] [org.springframework.web.servlet.handler.SimpleUrlHandlerMapping] [INFO] - Mapped URL path [/**] onto handler of type [class org.springframework.web.servlet.resource.ResourceHttpRequestHandler]
2019-06-12-15-43 [main] [org.springframework.jmx.export.annotation.AnnotationMBeanExporter] [INFO] - Registering beans for JMX exposure on startup
2019-06-12-15-43 [main] [org.springframework.jmx.export.annotation.AnnotationMBeanExporter] [INFO] - Bean with name 'connectionFactory' has been autodetected for JMX exposure
2019-06-12-15-43 [main] [org.springframework.jmx.export.annotation.AnnotationMBeanExporter] [INFO] - Located managed bean 'connectionFactory': registering with JMX server as MBean [org.springframework.amqp.rabbit.connection:name=connectionFactory,type=CachingConnectionFactory]
2019-06-12-15-43 [main] [org.springframework.context.support.DefaultLifecycleProcessor] [INFO] - Starting beans in phase 2147483647
2019-06-12-15-43 [SimpleAsyncTaskExecutor-1] [org.springframework.amqp.rabbit.connection.CachingConnectionFactory] [INFO] - Attempting to connect to: 127.0.0.1:5672
2019-06-12-15-43 [SimpleAsyncTaskExecutor-1] [org.springframework.amqp.rabbit.connection.CachingConnectionFactory] [INFO] - Created new connection: connectionFactory#4d4d8fcf:0/SimpleConnection@cee44d [delegate=amqp://guest@127.0.0.1:5672/, localPort= 61783]
2019-06-12-15-43 [main] [org.springframework.boot.web.embedded.tomcat.TomcatWebServer] [INFO] - Tomcat started on port(s): 8081 (http) with context path ''
2019-06-12-15-43 [main] [com.rabbit.RabbitApplication] [INFO] - Started RabbitApplication in 6.312 seconds (JVM running for 8.406)
2019-06-12-15-43 [http-nio-8081-exec-1] [org.springframework.web.servlet.DispatcherServlet] [INFO] - FrameworkServlet 'dispatcherServlet': initialization started
2019-06-12-15-43 [http-nio-8081-exec-1] [org.springframework.web.servlet.DispatcherServlet] [INFO] - FrameworkServlet 'dispatcherServlet': initialization completed in 50 ms
2019-06-12-15-43 [http-nio-8081-exec-1] [com.rabbit.component.RabbitProducer] [INFO] - 【send all】: my msg: 1560325436158
2019-06-12-15-43 [http-nio-8081-exec-1] [com.rabbit.utils.ResultBody] [INFO] - 【返回数据】code: 500, msg: bad request, bodynull
2019-06-12-15-43 [AMQP Connection 127.0.0.1:5672] [com.rabbit.component.RabbitProducer] [INFO] - 【final callback】: null
2019-06-12-15-43 [AMQP Connection 127.0.0.1:5672] [com.rabbit.component.RabbitProducer] [INFO] - 【result】: send success
2019-06-12-15-43 [http-nio-8081-exec-1] [org.springframework.web.servlet.mvc.support.DefaultHandlerExceptionResolver] [WARN] - Failed to write HTTP message: org.springframework.http.converter.HttpMessageNotWritableException: No converter found for return value of type: class com.rabbit.utils.ResultBody
2019-06-12-15-46 [background-preinit] [org.hibernate.validator.internal.util.Version] [INFO] - HV000001: Hibernate Validator 6.0.11.Final
2019-06-12-15-46 [main] [com.rabbit.RabbitApplication] [INFO] - Starting RabbitApplication on DESKTOP-A85M7BF with PID 1324 (C:\Users\info\Downloads\base\rabbit\target\classes started by info in C:\Users\info\Downloads\base)
2019-06-12-15-46 [main] [com.rabbit.RabbitApplication] [INFO] - No active profile set, falling back to default profiles: default
2019-06-12-15-46 [main] [org.springframework.boot.web.servlet.context.AnnotationConfigServletWebServerApplicationContext] [INFO] - Refreshing org.springframework.boot.web.servlet.context.AnnotationConfigServletWebServerApplicationContext@69930714: startup date [Wed Jun 12 15:46:09 CST 2019]; root of context hierarchy
2019-06-12-15-46 [main] [org.springframework.data.repository.config.RepositoryConfigurationDelegate] [INFO] - Multiple Spring Data modules found, entering strict repository configuration mode!
2019-06-12-15-46 [main] [org.springframework.context.support.PostProcessorRegistrationDelegate$BeanPostProcessorChecker] [INFO] - Bean 'org.springframework.amqp.rabbit.annotation.RabbitBootstrapConfiguration' of type [org.springframework.amqp.rabbit.annotation.RabbitBootstrapConfiguration$$EnhancerBySpringCGLIB$$e237e4ad] is not eligible for getting processed by all BeanPostProcessors (for example: not eligible for auto-proxying)
2019-06-12-15-46 [main] [org.springframework.boot.web.embedded.tomcat.TomcatWebServer] [INFO] - Tomcat initialized with port(s): 8081 (http)
2019-06-12-15-46 [localhost-startStop-1] [org.springframework.web.context.ContextLoader] [INFO] - Root WebApplicationContext: initialization completed in 2481 ms
2019-06-12-15-46 [localhost-startStop-1] [org.springframework.boot.web.servlet.ServletRegistrationBean] [INFO] - Servlet dispatcherServlet mapped to [/]
2019-06-12-15-46 [localhost-startStop-1] [org.springframework.boot.web.servlet.FilterRegistrationBean] [INFO] - Mapping filter: 'characterEncodingFilter' to: [/*]
2019-06-12-15-46 [localhost-startStop-1] [org.springframework.boot.web.servlet.FilterRegistrationBean] [INFO] - Mapping filter: 'hiddenHttpMethodFilter' to: [/*]
2019-06-12-15-46 [localhost-startStop-1] [org.springframework.boot.web.servlet.FilterRegistrationBean] [INFO] - Mapping filter: 'httpPutFormContentFilter' to: [/*]
2019-06-12-15-46 [localhost-startStop-1] [org.springframework.boot.web.servlet.FilterRegistrationBean] [INFO] - Mapping filter: 'requestContextFilter' to: [/*]
2019-06-12-15-46 [main] [org.springframework.web.servlet.handler.SimpleUrlHandlerMapping] [INFO] - Mapped URL path [/**/favicon.ico] onto handler of type [class org.springframework.web.servlet.resource.ResourceHttpRequestHandler]
2019-06-12-15-46 [main] [org.springframework.web.servlet.mvc.method.annotation.RequestMappingHandlerAdapter] [INFO] - Looking for @ControllerAdvice: org.springframework.boot.web.servlet.context.AnnotationConfigServletWebServerApplicationContext@69930714: startup date [Wed Jun 12 15:46:09 CST 2019]; root of context hierarchy
2019-06-12-15-46 [main] [org.springframework.web.servlet.mvc.method.annotation.RequestMappingHandlerMapping] [INFO] - Mapped "{[/index],methods=[GET]}" onto public org.springframework.http.ResponseEntity<com.rabbit.utils.ResultBody<java.lang.Object>> com.rabbit.controller.RabbitController.index()
2019-06-12-15-46 [main] [org.springframework.web.servlet.mvc.method.annotation.RequestMappingHandlerMapping] [INFO] - Mapped "{[/error]}" onto public org.springframework.http.ResponseEntity<java.util.Map<java.lang.String, java.lang.Object>> org.springframework.boot.autoconfigure.web.servlet.error.BasicErrorController.error(javax.servlet.http.HttpServletRequest)
2019-06-12-15-46 [main] [org.springframework.web.servlet.mvc.method.annotation.RequestMappingHandlerMapping] [INFO] - Mapped "{[/error],produces=[text/html]}" onto public org.springframework.web.servlet.ModelAndView org.springframework.boot.autoconfigure.web.servlet.error.BasicErrorController.errorHtml(javax.servlet.http.HttpServletRequest,javax.servlet.http.HttpServletResponse)
2019-06-12-15-46 [main] [org.springframework.web.servlet.handler.SimpleUrlHandlerMapping] [INFO] - Mapped URL path [/webjars/**] onto handler of type [class org.springframework.web.servlet.resource.ResourceHttpRequestHandler]
2019-06-12-15-46 [main] [org.springframework.web.servlet.handler.SimpleUrlHandlerMapping] [INFO] - Mapped URL path [/**] onto handler of type [class org.springframework.web.servlet.resource.ResourceHttpRequestHandler]
2019-06-12-15-46 [main] [org.springframework.jmx.export.annotation.AnnotationMBeanExporter] [INFO] - Registering beans for JMX exposure on startup
2019-06-12-15-46 [main] [org.springframework.jmx.export.annotation.AnnotationMBeanExporter] [INFO] - Bean with name 'connectionFactory' has been autodetected for JMX exposure
2019-06-12-15-46 [main] [org.springframework.jmx.export.annotation.AnnotationMBeanExporter] [INFO] - Located managed bean 'connectionFactory': registering with JMX server as MBean [org.springframework.amqp.rabbit.connection:name=connectionFactory,type=CachingConnectionFactory]
2019-06-12-15-46 [main] [org.springframework.context.support.DefaultLifecycleProcessor] [INFO] - Starting beans in phase 2147483647
2019-06-12-15-46 [SimpleAsyncTaskExecutor-1] [org.springframework.amqp.rabbit.connection.CachingConnectionFactory] [INFO] - Attempting to connect to: 127.0.0.1:5672
2019-06-12-15-46 [SimpleAsyncTaskExecutor-1] [org.springframework.amqp.rabbit.connection.CachingConnectionFactory] [INFO] - Created new connection: connectionFactory#24855019:0/SimpleConnection@75978f2d [delegate=amqp://guest@127.0.0.1:5672/, localPort= 61823]
2019-06-12-15-46 [main] [org.springframework.boot.web.embedded.tomcat.TomcatWebServer] [INFO] - Tomcat started on port(s): 8081 (http) with context path ''
2019-06-12-15-46 [main] [com.rabbit.RabbitApplication] [INFO] - Started RabbitApplication in 5.844 seconds (JVM running for 7.825)
2019-06-12-15-46 [http-nio-8081-exec-1] [org.springframework.web.servlet.DispatcherServlet] [INFO] - FrameworkServlet 'dispatcherServlet': initialization started
2019-06-12-15-46 [http-nio-8081-exec-1] [org.springframework.web.servlet.DispatcherServlet] [INFO] - FrameworkServlet 'dispatcherServlet': initialization completed in 44 ms
2019-06-12-15-46 [http-nio-8081-exec-1] [com.rabbit.component.RabbitProducer] [INFO] - 【send all】: my msg: 1560325581260
2019-06-12-15-46 [http-nio-8081-exec-1] [com.rabbit.utils.ResultBody] [INFO] - 【返回数据】code: 500, msg: bad request, bodynull
2019-06-12-15-46 [AMQP Connection 127.0.0.1:5672] [com.rabbit.component.RabbitProducer] [INFO] - 【final callback】: null
2019-06-12-15-46 [AMQP Connection 127.0.0.1:5672] [com.rabbit.component.RabbitProducer] [INFO] - 【result】: send success
2019-06-12-15-46 [http-nio-8081-exec-1] [org.springframework.web.servlet.mvc.support.DefaultHandlerExceptionResolver] [WARN] - Failed to write HTTP message: org.springframework.http.converter.HttpMessageNotWritableException: No converter found for return value of type: class com.rabbit.utils.ResultBody
2019-06-12-15-48 [background-preinit] [org.hibernate.validator.internal.util.Version] [INFO] - HV000001: Hibernate Validator 6.0.11.Final
2019-06-12-15-48 [main] [com.rabbit.RabbitApplication] [INFO] - Starting RabbitApplication on DESKTOP-A85M7BF with PID 3664 (C:\Users\info\Downloads\base\rabbit\target\classes started by info in C:\Users\info\Downloads\base)
2019-06-12-15-48 [main] [com.rabbit.RabbitApplication] [INFO] - No active profile set, falling back to default profiles: default
2019-06-12-15-48 [main] [org.springframework.boot.web.servlet.context.AnnotationConfigServletWebServerApplicationContext] [INFO] - Refreshing org.springframework.boot.web.servlet.context.AnnotationConfigServletWebServerApplicationContext@69930714: startup date [Wed Jun 12 15:48:26 CST 2019]; root of context hierarchy
2019-06-12-15-48 [main] [org.springframework.data.repository.config.RepositoryConfigurationDelegate] [INFO] - Multiple Spring Data modules found, entering strict repository configuration mode!
2019-06-12-15-48 [main] [org.springframework.context.support.PostProcessorRegistrationDelegate$BeanPostProcessorChecker] [INFO] - Bean 'org.springframework.amqp.rabbit.annotation.RabbitBootstrapConfiguration' of type [org.springframework.amqp.rabbit.annotation.RabbitBootstrapConfiguration$$EnhancerBySpringCGLIB$$2b584285] is not eligible for getting processed by all BeanPostProcessors (for example: not eligible for auto-proxying)
2019-06-12-15-48 [main] [org.springframework.boot.web.embedded.tomcat.TomcatWebServer] [INFO] - Tomcat initialized with port(s): 8081 (http)
2019-06-12-15-48 [localhost-startStop-1] [org.springframework.web.context.ContextLoader] [INFO] - Root WebApplicationContext: initialization completed in 2339 ms
2019-06-12-15-48 [localhost-startStop-1] [org.springframework.boot.web.servlet.ServletRegistrationBean] [INFO] - Servlet dispatcherServlet mapped to [/]
2019-06-12-15-48 [localhost-startStop-1] [org.springframework.boot.web.servlet.FilterRegistrationBean] [INFO] - Mapping filter: 'characterEncodingFilter' to: [/*]
2019-06-12-15-48 [localhost-startStop-1] [org.springframework.boot.web.servlet.FilterRegistrationBean] [INFO] - Mapping filter: 'hiddenHttpMethodFilter' to: [/*]
2019-06-12-15-48 [localhost-startStop-1] [org.springframework.boot.web.servlet.FilterRegistrationBean] [INFO] - Mapping filter: 'httpPutFormContentFilter' to: [/*]
2019-06-12-15-48 [localhost-startStop-1] [org.springframework.boot.web.servlet.FilterRegistrationBean] [INFO] - Mapping filter: 'requestContextFilter' to: [/*]
2019-06-12-15-48 [main] [org.springframework.web.servlet.handler.SimpleUrlHandlerMapping] [INFO] - Mapped URL path [/**/favicon.ico] onto handler of type [class org.springframework.web.servlet.resource.ResourceHttpRequestHandler]
2019-06-12-15-48 [main] [org.springframework.web.servlet.mvc.method.annotation.RequestMappingHandlerAdapter] [INFO] - Looking for @ControllerAdvice: org.springframework.boot.web.servlet.context.AnnotationConfigServletWebServerApplicationContext@69930714: startup date [Wed Jun 12 15:48:26 CST 2019]; root of context hierarchy
2019-06-12-15-48 [main] [org.springframework.web.servlet.mvc.method.annotation.RequestMappingHandlerMapping] [INFO] - Mapped "{[/index],methods=[GET]}" onto public org.springframework.http.ResponseEntity<com.rabbit.utils.ResultBody<java.lang.Object>> com.rabbit.controller.RabbitController.index()
2019-06-12-15-48 [main] [org.springframework.web.servlet.mvc.method.annotation.RequestMappingHandlerMapping] [INFO] - Mapped "{[/error]}" onto public org.springframework.http.ResponseEntity<java.util.Map<java.lang.String, java.lang.Object>> org.springframework.boot.autoconfigure.web.servlet.error.BasicErrorController.error(javax.servlet.http.HttpServletRequest)
2019-06-12-15-48 [main] [org.springframework.web.servlet.mvc.method.annotation.RequestMappingHandlerMapping] [INFO] - Mapped "{[/error],produces=[text/html]}" onto public org.springframework.web.servlet.ModelAndView org.springframework.boot.autoconfigure.web.servlet.error.BasicErrorController.errorHtml(javax.servlet.http.HttpServletRequest,javax.servlet.http.HttpServletResponse)
2019-06-12-15-48 [main] [org.springframework.web.servlet.handler.SimpleUrlHandlerMapping] [INFO] - Mapped URL path [/webjars/**] onto handler of type [class org.springframework.web.servlet.resource.ResourceHttpRequestHandler]
2019-06-12-15-48 [main] [org.springframework.web.servlet.handler.SimpleUrlHandlerMapping] [INFO] - Mapped URL path [/**] onto handler of type [class org.springframework.web.servlet.resource.ResourceHttpRequestHandler]
2019-06-12-15-48 [main] [org.springframework.jmx.export.annotation.AnnotationMBeanExporter] [INFO] - Registering beans for JMX exposure on startup
2019-06-12-15-48 [main] [org.springframework.jmx.export.annotation.AnnotationMBeanExporter] [INFO] - Bean with name 'connectionFactory' has been autodetected for JMX exposure
2019-06-12-15-48 [main] [org.springframework.jmx.export.annotation.AnnotationMBeanExporter] [INFO] - Located managed bean 'connectionFactory': registering with JMX server as MBean [org.springframework.amqp.rabbit.connection:name=connectionFactory,type=CachingConnectionFactory]
2019-06-12-15-48 [main] [org.springframework.context.support.DefaultLifecycleProcessor] [INFO] - Starting beans in phase 2147483647
2019-06-12-15-48 [SimpleAsyncTaskExecutor-1] [org.springframework.amqp.rabbit.connection.CachingConnectionFactory] [INFO] - Attempting to connect to: 127.0.0.1:5672
2019-06-12-15-48 [SimpleAsyncTaskExecutor-1] [org.springframework.amqp.rabbit.connection.CachingConnectionFactory] [INFO] - Created new connection: connectionFactory#18e8473e:0/SimpleConnection@19cede85 [delegate=amqp://guest@127.0.0.1:5672/, localPort= 61873]
2019-06-12-15-48 [main] [org.springframework.boot.web.embedded.tomcat.TomcatWebServer] [INFO] - Tomcat started on port(s): 8081 (http) with context path ''
2019-06-12-15-48 [main] [com.rabbit.RabbitApplication] [INFO] - Started RabbitApplication in 5.612 seconds (JVM running for 7.539)
2019-06-12-15-48 [http-nio-8081-exec-1] [org.springframework.web.servlet.DispatcherServlet] [INFO] - FrameworkServlet 'dispatcherServlet': initialization started
2019-06-12-15-48 [http-nio-8081-exec-1] [org.springframework.web.servlet.DispatcherServlet] [INFO] - FrameworkServlet 'dispatcherServlet': initialization completed in 49 ms
2019-06-12-15-48 [http-nio-8081-exec-1] [com.rabbit.component.RabbitProducer] [INFO] - 【send all】: my msg: 1560325711850
2019-06-12-15-48 [http-nio-8081-exec-1] [com.rabbit.utils.ResultBody] [INFO] - 【返回数据】code: 500, msg: bad request, bodynull
2019-06-12-15-48 [AMQP Connection 127.0.0.1:5672] [com.rabbit.component.RabbitProducer] [INFO] - 【final callback】: null
2019-06-12-15-48 [AMQP Connection 127.0.0.1:5672] [com.rabbit.component.RabbitProducer] [INFO] - 【result】: send success
2019-06-12-15-51 [background-preinit] [org.hibernate.validator.internal.util.Version] [INFO] - HV000001: Hibernate Validator 6.0.11.Final
2019-06-12-15-51 [main] [com.rabbit.RabbitApplication] [INFO] - Starting RabbitApplication on DESKTOP-A85M7BF with PID 6220 (C:\Users\info\Downloads\base\rabbit\target\classes started by info in C:\Users\info\Downloads\base)
2019-06-12-15-51 [main] [com.rabbit.RabbitApplication] [INFO] - No active profile set, falling back to default profiles: default
2019-06-12-15-51 [main] [org.springframework.boot.web.servlet.context.AnnotationConfigServletWebServerApplicationContext] [INFO] - Refreshing org.springframework.boot.web.servlet.context.AnnotationConfigServletWebServerApplicationContext@78047b92: startup date [Wed Jun 12 15:51:13 CST 2019]; root of context hierarchy
2019-06-12-15-51 [main] [org.springframework.data.repository.config.RepositoryConfigurationDelegate] [INFO] - Multiple Spring Data modules found, entering strict repository configuration mode!
2019-06-12-15-51 [main] [org.springframework.context.support.PostProcessorRegistrationDelegate$BeanPostProcessorChecker] [INFO] - Bean 'org.springframework.amqp.rabbit.annotation.RabbitBootstrapConfiguration' of type [org.springframework.amqp.rabbit.annotation.RabbitBootstrapConfiguration$$EnhancerBySpringCGLIB$$2b584285] is not eligible for getting processed by all BeanPostProcessors (for example: not eligible for auto-proxying)
2019-06-12-15-51 [main] [org.springframework.boot.web.embedded.tomcat.TomcatWebServer] [INFO] - Tomcat initialized with port(s): 8081 (http)
2019-06-12-15-51 [localhost-startStop-1] [org.springframework.web.context.ContextLoader] [INFO] - Root WebApplicationContext: initialization completed in 2510 ms
2019-06-12-15-51 [localhost-startStop-1] [org.springframework.boot.web.servlet.ServletRegistrationBean] [INFO] - Servlet dispatcherServlet mapped to [/]
2019-06-12-15-51 [localhost-startStop-1] [org.springframework.boot.web.servlet.FilterRegistrationBean] [INFO] - Mapping filter: 'characterEncodingFilter' to: [/*]
2019-06-12-15-51 [localhost-startStop-1] [org.springframework.boot.web.servlet.FilterRegistrationBean] [INFO] - Mapping filter: 'hiddenHttpMethodFilter' to: [/*]
2019-06-12-15-51 [localhost-startStop-1] [org.springframework.boot.web.servlet.FilterRegistrationBean] [INFO] - Mapping filter: 'httpPutFormContentFilter' to: [/*]
2019-06-12-15-51 [localhost-startStop-1] [org.springframework.boot.web.servlet.FilterRegistrationBean] [INFO] - Mapping filter: 'requestContextFilter' to: [/*]
2019-06-12-15-51 [main] [org.springframework.web.servlet.handler.SimpleUrlHandlerMapping] [INFO] - Mapped URL path [/**/favicon.ico] onto handler of type [class org.springframework.web.servlet.resource.ResourceHttpRequestHandler]
2019-06-12-15-51 [main] [org.springframework.web.servlet.mvc.method.annotation.RequestMappingHandlerAdapter] [INFO] - Looking for @ControllerAdvice: org.springframework.boot.web.servlet.context.AnnotationConfigServletWebServerApplicationContext@78047b92: startup date [Wed Jun 12 15:51:13 CST 2019]; root of context hierarchy
2019-06-12-15-51 [main] [org.springframework.web.servlet.mvc.method.annotation.RequestMappingHandlerMapping] [INFO] - Mapped "{[/index],methods=[GET]}" onto public org.springframework.http.ResponseEntity<com.rabbit.utils.ResultBody<java.lang.Object>> com.rabbit.controller.RabbitController.index()
2019-06-12-15-51 [main] [org.springframework.web.servlet.mvc.method.annotation.RequestMappingHandlerMapping] [INFO] - Mapped "{[/error]}" onto public org.springframework.http.ResponseEntity<java.util.Map<java.lang.String, java.lang.Object>> org.springframework.boot.autoconfigure.web.servlet.error.BasicErrorController.error(javax.servlet.http.HttpServletRequest)
2019-06-12-15-51 [main] [org.springframework.web.servlet.mvc.method.annotation.RequestMappingHandlerMapping] [INFO] - Mapped "{[/error],produces=[text/html]}" onto public org.springframework.web.servlet.ModelAndView org.springframework.boot.autoconfigure.web.servlet.error.BasicErrorController.errorHtml(javax.servlet.http.HttpServletRequest,javax.servlet.http.HttpServletResponse)
2019-06-12-15-51 [main] [org.springframework.web.servlet.handler.SimpleUrlHandlerMapping] [INFO] - Mapped URL path [/webjars/**] onto handler of type [class org.springframework.web.servlet.resource.ResourceHttpRequestHandler]
2019-06-12-15-51 [main] [org.springframework.web.servlet.handler.SimpleUrlHandlerMapping] [INFO] - Mapped URL path [/**] onto handler of type [class org.springframework.web.servlet.resource.ResourceHttpRequestHandler]
2019-06-12-15-51 [main] [org.springframework.jmx.export.annotation.AnnotationMBeanExporter] [INFO] - Registering beans for JMX exposure on startup
2019-06-12-15-51 [main] [org.springframework.jmx.export.annotation.AnnotationMBeanExporter] [INFO] - Bean with name 'connectionFactory' has been autodetected for JMX exposure
2019-06-12-15-51 [main] [org.springframework.jmx.export.annotation.AnnotationMBeanExporter] [INFO] - Located managed bean 'connectionFactory': registering with JMX server as MBean [org.springframework.amqp.rabbit.connection:name=connectionFactory,type=CachingConnectionFactory]
2019-06-12-15-51 [main] [org.springframework.context.support.DefaultLifecycleProcessor] [INFO] - Starting beans in phase 2147483647
2019-06-12-15-51 [SimpleAsyncTaskExecutor-1] [org.springframework.amqp.rabbit.connection.CachingConnectionFactory] [INFO] - Attempting to connect to: 127.0.0.1:5672
2019-06-12-15-51 [SimpleAsyncTaskExecutor-1] [org.springframework.amqp.rabbit.connection.CachingConnectionFactory] [INFO] - Created new connection: connectionFactory#18e8473e:0/SimpleConnection@55dcedc1 [delegate=amqp://guest@127.0.0.1:5672/, localPort= 61992]
2019-06-12-15-51 [main] [org.springframework.boot.web.embedded.tomcat.TomcatWebServer] [INFO] - Tomcat started on port(s): 8081 (http) with context path ''
2019-06-12-15-51 [main] [com.rabbit.RabbitApplication] [INFO] - Started RabbitApplication in 5.7 seconds (JVM running for 7.586)
2019-06-12-15-51 [http-nio-8081-exec-1] [org.springframework.web.servlet.DispatcherServlet] [INFO] - FrameworkServlet 'dispatcherServlet': initialization started
2019-06-12-15-51 [http-nio-8081-exec-1] [org.springframework.web.servlet.DispatcherServlet] [INFO] - FrameworkServlet 'dispatcherServlet': initialization completed in 44 ms
2019-06-12-15-51 [http-nio-8081-exec-1] [com.rabbit.component.RabbitProducer] [INFO] - 【send all】: my msg: 1560325900780
2019-06-12-15-51 [http-nio-8081-exec-1] [com.rabbit.utils.ResultBody] [INFO] - 【返回数据】code: 500, msg: bad request, bodynull
2019-06-12-15-51 [AMQP Connection 127.0.0.1:5672] [com.rabbit.component.RabbitProducer] [INFO] - 【final callback】: null
2019-06-12-15-51 [AMQP Connection 127.0.0.1:5672] [com.rabbit.component.RabbitProducer] [INFO] - 【result】: send success
2019-06-12-16-07 [http-nio-8081-exec-5] [com.rabbit.component.RabbitProducer] [INFO] - 【send all】: my msg: 1560326861566
2019-06-12-16-07 [http-nio-8081-exec-5] [com.rabbit.utils.ResultBody] [INFO] - 【返回数据】code: 500, msg: bad request, bodynull
2019-06-12-16-07 [AMQP Connection 127.0.0.1:5672] [com.rabbit.component.RabbitProducer] [INFO] - 【final callback】: null
2019-06-12-16-07 [AMQP Connection 127.0.0.1:5672] [com.rabbit.component.RabbitProducer] [INFO] - 【result】: send success
2019-06-12-16-08 [background-preinit] [org.hibernate.validator.internal.util.Version] [INFO] - HV000001: Hibernate Validator 6.0.11.Final
2019-06-12-16-08 [main] [com.rabbit.RabbitApplication] [INFO] - Starting RabbitApplication on DESKTOP-A85M7BF with PID 15152 (C:\Users\info\Downloads\base\rabbit\target\classes started by info in C:\Users\info\Downloads\base)
2019-06-12-16-08 [main] [com.rabbit.RabbitApplication] [INFO] - No active profile set, falling back to default profiles: default
2019-06-12-16-08 [main] [org.springframework.boot.web.servlet.context.AnnotationConfigServletWebServerApplicationContext] [INFO] - Refreshing org.springframework.boot.web.servlet.context.AnnotationConfigServletWebServerApplicationContext@78047b92: startup date [Wed Jun 12 16:08:37 CST 2019]; root of context hierarchy
2019-06-12-16-08 [main] [org.springframework.data.repository.config.RepositoryConfigurationDelegate] [INFO] - Multiple Spring Data modules found, entering strict repository configuration mode!
2019-06-12-16-08 [main] [org.springframework.context.support.PostProcessorRegistrationDelegate$BeanPostProcessorChecker] [INFO] - Bean 'org.springframework.amqp.rabbit.annotation.RabbitBootstrapConfiguration' of type [org.springframework.amqp.rabbit.annotation.RabbitBootstrapConfiguration$$EnhancerBySpringCGLIB$$10afc634] is not eligible for getting processed by all BeanPostProcessors (for example: not eligible for auto-proxying)
2019-06-12-16-08 [main] [org.springframework.boot.web.embedded.tomcat.TomcatWebServer] [INFO] - Tomcat initialized with port(s): 8081 (http)
2019-06-12-16-08 [localhost-startStop-1] [org.springframework.web.context.ContextLoader] [INFO] - Root WebApplicationContext: initialization completed in 2240 ms
2019-06-12-16-08 [localhost-startStop-1] [org.springframework.boot.web.servlet.ServletRegistrationBean] [INFO] - Servlet dispatcherServlet mapped to [/]
2019-06-12-16-08 [localhost-startStop-1] [org.springframework.boot.web.servlet.FilterRegistrationBean] [INFO] - Mapping filter: 'characterEncodingFilter' to: [/*]
2019-06-12-16-08 [localhost-startStop-1] [org.springframework.boot.web.servlet.FilterRegistrationBean] [INFO] - Mapping filter: 'hiddenHttpMethodFilter' to: [/*]
2019-06-12-16-08 [localhost-startStop-1] [org.springframework.boot.web.servlet.FilterRegistrationBean] [INFO] - Mapping filter: 'httpPutFormContentFilter' to: [/*]
2019-06-12-16-08 [localhost-startStop-1] [org.springframework.boot.web.servlet.FilterRegistrationBean] [INFO] - Mapping filter: 'requestContextFilter' to: [/*]
2019-06-12-16-08 [main] [org.springframework.web.servlet.handler.SimpleUrlHandlerMapping] [INFO] - Mapped URL path [/**/favicon.ico] onto handler of type [class org.springframework.web.servlet.resource.ResourceHttpRequestHandler]
2019-06-12-16-08 [main] [org.springframework.web.servlet.mvc.method.annotation.RequestMappingHandlerAdapter] [INFO] - Looking for @ControllerAdvice: org.springframework.boot.web.servlet.context.AnnotationConfigServletWebServerApplicationContext@78047b92: startup date [Wed Jun 12 16:08:37 CST 2019]; root of context hierarchy
2019-06-12-16-08 [main] [org.springframework.web.servlet.mvc.method.annotation.RequestMappingHandlerMapping] [INFO] - Mapped "{[/index],methods=[GET]}" onto public org.springframework.http.ResponseEntity<com.rabbit.utils.ResultBody<java.lang.Object>> com.rabbit.controller.RabbitController.index()
2019-06-12-16-08 [main] [org.springframework.web.servlet.mvc.method.annotation.RequestMappingHandlerMapping] [INFO] - Mapped "{[/error]}" onto public org.springframework.http.ResponseEntity<java.util.Map<java.lang.String, java.lang.Object>> org.springframework.boot.autoconfigure.web.servlet.error.BasicErrorController.error(javax.servlet.http.HttpServletRequest)
2019-06-12-16-08 [main] [org.springframework.web.servlet.mvc.method.annotation.RequestMappingHandlerMapping] [INFO] - Mapped "{[/error],produces=[text/html]}" onto public org.springframework.web.servlet.ModelAndView org.springframework.boot.autoconfigure.web.servlet.error.BasicErrorController.errorHtml(javax.servlet.http.HttpServletRequest,javax.servlet.http.HttpServletResponse)
2019-06-12-16-08 [main] [org.springframework.web.servlet.handler.SimpleUrlHandlerMapping] [INFO] - Mapped URL path [/webjars/**] onto handler of type [class org.springframework.web.servlet.resource.ResourceHttpRequestHandler]
2019-06-12-16-08 [main] [org.springframework.web.servlet.handler.SimpleUrlHandlerMapping] [INFO] - Mapped URL path [/**] onto handler of type [class org.springframework.web.servlet.resource.ResourceHttpRequestHandler]
2019-06-12-16-08 [main] [org.springframework.jmx.export.annotation.AnnotationMBeanExporter] [INFO] - Registering beans for JMX exposure on startup
2019-06-12-16-08 [main] [org.springframework.jmx.export.annotation.AnnotationMBeanExporter] [INFO] - Bean with name 'connectionFactory' has been autodetected for JMX exposure
2019-06-12-16-08 [main] [org.springframework.jmx.export.annotation.AnnotationMBeanExporter] [INFO] - Located managed bean 'connectionFactory': registering with JMX server as MBean [org.springframework.amqp.rabbit.connection:name=connectionFactory,type=CachingConnectionFactory]
2019-06-12-16-08 [main] [org.springframework.context.support.DefaultLifecycleProcessor] [INFO] - Starting beans in phase 2147483647
2019-06-12-16-08 [main] [org.springframework.boot.web.embedded.tomcat.TomcatWebServer] [INFO] - Tomcat started on port(s): 8081 (http) with context path ''
2019-06-12-16-08 [main] [com.rabbit.RabbitApplication] [INFO] - Started RabbitApplication in 5.66 seconds (JVM running for 8.147)
2019-06-12-16-08 [http-nio-8081-exec-1] [org.springframework.web.servlet.DispatcherServlet] [INFO] - FrameworkServlet 'dispatcherServlet': initialization started
2019-06-12-16-08 [http-nio-8081-exec-1] [org.springframework.web.servlet.DispatcherServlet] [INFO] - FrameworkServlet 'dispatcherServlet': initialization completed in 45 ms
2019-06-12-16-08 [http-nio-8081-exec-1] [com.rabbit.component.RabbitProducer] [INFO] - 【send all】: my msg: 1560326926438
2019-06-12-16-08 [http-nio-8081-exec-1] [org.springframework.amqp.rabbit.connection.CachingConnectionFactory] [INFO] - Attempting to connect to: 127.0.0.1:5672
2019-06-12-16-08 [http-nio-8081-exec-1] [org.springframework.amqp.rabbit.connection.CachingConnectionFactory] [INFO] - Created new connection: connectionFactory#160c3ec1:0/SimpleConnection@1be62445 [delegate=amqp://guest@127.0.0.1:5672/, localPort= 63011]
2019-06-12-16-08 [http-nio-8081-exec-1] [com.rabbit.utils.ResultBody] [INFO] - 【返回数据】code: 500, msg: bad request, bodynull
2019-06-12-16-08 [AMQP Connection 127.0.0.1:5672] [com.rabbit.component.RabbitProducer] [INFO] - 【final callback】: null
2019-06-12-16-08 [AMQP Connection 127.0.0.1:5672] [com.rabbit.component.RabbitProducer] [INFO] - 【result】: send success
2019-06-12-16-11 [http-nio-8081-exec-6] [com.rabbit.component.RabbitProducer] [INFO] - 【send all】: my msg: 1560327098118
2019-06-12-16-11 [http-nio-8081-exec-6] [com.rabbit.utils.ResultBody] [INFO] - 【返回数据】code: 500, msg: bad request, bodynull
2019-06-12-16-11 [AMQP Connection 127.0.0.1:5672] [com.rabbit.component.RabbitProducer] [INFO] - 【final callback】: null
2019-06-12-16-11 [AMQP Connection 127.0.0.1:5672] [com.rabbit.component.RabbitProducer] [INFO] - 【result】: send success
2019-06-12-16-58 [background-preinit] [org.hibernate.validator.internal.util.Version] [INFO] - HV000001: Hibernate Validator 6.0.11.Final
2019-06-12-16-58 [main] [com.rabbit.RabbitApplication] [INFO] - Starting RabbitApplication on DESKTOP-A85M7BF with PID 6156 (C:\Users\info\Downloads\base\rabbit\target\classes started by info in C:\Users\info\Downloads\base)
2019-06-12-16-58 [main] [com.rabbit.RabbitApplication] [INFO] - No active profile set, falling back to default profiles: default
2019-06-12-16-58 [main] [org.springframework.boot.web.servlet.context.AnnotationConfigServletWebServerApplicationContext] [INFO] - Refreshing org.springframework.boot.web.servlet.context.AnnotationConfigServletWebServerApplicationContext@d83da2e: startup date [Wed Jun 12 16:58:09 CST 2019]; root of context hierarchy
2019-06-12-16-58 [main] [org.springframework.context.support.PostProcessorRegistrationDelegate$BeanPostProcessorChecker] [INFO] - Bean 'org.springframework.amqp.rabbit.annotation.RabbitBootstrapConfiguration' of type [org.springframework.amqp.rabbit.annotation.RabbitBootstrapConfiguration$$EnhancerBySpringCGLIB$$4e1ba46f] is not eligible for getting processed by all BeanPostProcessors (for example: not eligible for auto-proxying)
2019-06-12-16-58 [main] [org.springframework.boot.web.embedded.tomcat.TomcatWebServer] [INFO] - Tomcat initialized with port(s): 8081 (http)
2019-06-12-16-58 [localhost-startStop-1] [org.springframework.web.context.ContextLoader] [INFO] - Root WebApplicationContext: initialization completed in 2263 ms
2019-06-12-16-58 [localhost-startStop-1] [org.springframework.boot.web.servlet.ServletRegistrationBean] [INFO] - Servlet dispatcherServlet mapped to [/]
2019-06-12-16-58 [localhost-startStop-1] [org.springframework.boot.web.servlet.FilterRegistrationBean] [INFO] - Mapping filter: 'characterEncodingFilter' to: [/*]
2019-06-12-16-58 [localhost-startStop-1] [org.springframework.boot.web.servlet.FilterRegistrationBean] [INFO] - Mapping filter: 'hiddenHttpMethodFilter' to: [/*]
2019-06-12-16-58 [localhost-startStop-1] [org.springframework.boot.web.servlet.FilterRegistrationBean] [INFO] - Mapping filter: 'httpPutFormContentFilter' to: [/*]
2019-06-12-16-58 [localhost-startStop-1] [org.springframework.boot.web.servlet.FilterRegistrationBean] [INFO] - Mapping filter: 'requestContextFilter' to: [/*]
2019-06-12-16-58 [main] [org.springframework.boot.web.servlet.context.AnnotationConfigServletWebServerApplicationContext] [WARN] - Exception encountered during context initialization - cancelling refresh attempt: org.springframework.beans.factory.BeanCreationException: Error creating bean with name 'redisConfig': Injection of autowired dependencies failed; nested exception is java.lang.IllegalArgumentException: Could not resolve placeholder 'redis.host' in value "${redis.host}"
2019-06-12-16-58 [main] [org.springframework.boot.SpringApplication] [ERROR] - Application run failed
org.springframework.beans.factory.BeanCreationException: Error creating bean with name 'redisConfig': Injection of autowired dependencies failed; nested exception is java.lang.IllegalArgumentException: Could not resolve placeholder 'redis.host' in value "${redis.host}"
	at org.springframework.beans.factory.annotation.AutowiredAnnotationBeanPostProcessor.postProcessPropertyValues(AutowiredAnnotationBeanPostProcessor.java:378)
	at org.springframework.beans.factory.support.AbstractAutowireCapableBeanFactory.populateBean(AbstractAutowireCapableBeanFactory.java:1341)
	at org.springframework.beans.factory.support.AbstractAutowireCapableBeanFactory.doCreateBean(AbstractAutowireCapableBeanFactory.java:572)
	at org.springframework.beans.factory.support.AbstractAutowireCapableBeanFactory.createBean(AbstractAutowireCapableBeanFactory.java:495)
	at org.springframework.beans.factory.support.AbstractBeanFactory.lambda$doGetBean$0(AbstractBeanFactory.java:317)
	at org.springframework.beans.factory.support.DefaultSingletonBeanRegistry.getSingleton(DefaultSingletonBeanRegistry.java:222)
	at org.springframework.beans.factory.support.AbstractBeanFactory.doGetBean(AbstractBeanFactory.java:315)
	at org.springframework.beans.factory.support.AbstractBeanFactory.getBean(AbstractBeanFactory.java:199)
	at org.springframework.beans.factory.support.DefaultListableBeanFactory.preInstantiateSingletons(DefaultListableBeanFactory.java:759)
	at org.springframework.context.support.AbstractApplicationContext.finishBeanFactoryInitialization(AbstractApplicationContext.java:869)
	at org.springframework.context.support.AbstractApplicationContext.refresh(AbstractApplicationContext.java:550)
	at org.springframework.boot.web.servlet.context.ServletWebServerApplicationContext.refresh(ServletWebServerApplicationContext.java:140)
	at org.springframework.boot.SpringApplication.refresh(SpringApplication.java:762)
	at org.springframework.boot.SpringApplication.refreshContext(SpringApplication.java:398)
	at org.springframework.boot.SpringApplication.run(SpringApplication.java:330)
	at org.springframework.boot.SpringApplication.run(SpringApplication.java:1258)
	at org.springframework.boot.SpringApplication.run(SpringApplication.java:1246)
	at com.rabbit.RabbitApplication.main(RabbitApplication.java:16)
Caused by: java.lang.IllegalArgumentException: Could not resolve placeholder 'redis.host' in value "${redis.host}"
	at org.springframework.util.PropertyPlaceholderHelper.parseStringValue(PropertyPlaceholderHelper.java:172)
	at org.springframework.util.PropertyPlaceholderHelper.replacePlaceholders(PropertyPlaceholderHelper.java:124)
	at org.springframework.core.env.AbstractPropertyResolver.doResolvePlaceholders(AbstractPropertyResolver.java:237)
	at org.springframework.core.env.AbstractPropertyResolver.resolveRequiredPlaceholders(AbstractPropertyResolver.java:211)
	at org.springframework.context.support.PropertySourcesPlaceholderConfigurer.lambda$processProperties$0(PropertySourcesPlaceholderConfigurer.java:175)
	at org.springframework.beans.factory.support.AbstractBeanFactory.resolveEmbeddedValue(AbstractBeanFactory.java:839)
	at org.springframework.beans.factory.support.DefaultListableBeanFactory.doResolveDependency(DefaultListableBeanFactory.java:1083)
	at org.springframework.beans.factory.support.DefaultListableBeanFactory.resolveDependency(DefaultListableBeanFactory.java:1062)
	at org.springframework.beans.factory.annotation.AutowiredAnnotationBeanPostProcessor$AutowiredFieldElement.inject(AutowiredAnnotationBeanPostProcessor.java:583)
	at org.springframework.beans.factory.annotation.InjectionMetadata.inject(InjectionMetadata.java:91)
	at org.springframework.beans.factory.annotation.AutowiredAnnotationBeanPostProcessor.postProcessPropertyValues(AutowiredAnnotationBeanPostProcessor.java:372)
	... 17 more
